<?xml version="1.0" encoding="UTF-8"?>
<!-- Generated by org.testng.reporters.JUnitXMLReporter -->
<testsuite ignored="0" hostname="DESKTOP-K4PK96U" failures="0" tests="5" name="TestCase1" time="0.113" errors="0" timestamp="2023-02-03T09:42:44 IST">
  <testcase classname="TestNgPractic2.TestCase2" name="tc2m1" time="0.011"/>
  <testcase classname="TestNgPractic2.TestCase1" name="userReg" time="0.002"/>
  <testcase classname="TestNgPractic2.TestCase1" name="userReg" time="0.001"/>
  <testcase classname="TestNgPractic2.TestCase1" name="doLogin" time="0.01"/>
  <testcase classname="TestNgPractic2.TestCase1" name="testm1" time="0.001"/>
</testsuite> <!-- TestCase1 -->
