<?xml version="1.0" encoding="UTF-8"?>
<!-- Generated by org.testng.reporters.JUnitXMLReporter -->
<testsuite ignored="0" hostname="DESKTOP-K4PK96U" failures="0" tests="5" name="TestCases" time="0.132" errors="0" timestamp="2023-02-03T22:21:21 IST">
  <testcase classname="TestNgPractic2.TestCase1" name="userReg" time="0.019"/>
  <testcase classname="TestNgPractic2.TestCase1" name="userReg" time="0.003"/>
  <testcase classname="TestNgPractic2.TestCase1" name="doLogin" time="0.009"/>
  <testcase classname="TestNgPractic2.TestCase1" name="testm1" time="0.002"/>
  <testcase classname="TestNgPractic2.TestCase2" name="tc2m1" time="0.002"/>
</testsuite> <!-- TestCases -->
